-------------------------------------------------------------------------------
Test set: homework.symphony.tests.signin.SignInLanguageSelectionTest
-------------------------------------------------------------------------------
Tests run: 1, Failures: 0, Errors: 1, Skipped: 0, Time elapsed: 13.525 s <<< FAILURE! - in homework.symphony.tests.signin.SignInLanguageSelectionTest
homework.symphony.tests.signin.SignInLanguageSelectionTest.testSignInLanguageSelection  Time elapsed: 13.458 s  <<< ERROR!
org.openqa.selenium.TimeoutException: Expected condition failed: waiting for visibility of element located by By.id: menu-tooltip-language-selectedpouet (tried for 5 second(s) with 500 milliseconds interval)
	at homework.symphony.tests.signin.SignInLanguageSelectionTest.testSignInLanguageSelection(SignInLanguageSelectionTest.java:30)
Caused by: org.openqa.selenium.NoSuchElementException: 
no such element: Unable to locate element: {"method":"css selector","selector":"#menu\-tooltip\-language\-selectedpouet"}
  (Session info: chrome=83.0.4103.97)
For documentation on this error, please visit: https://www.seleniumhq.org/exceptions/no_such_element.html
Build info: version: '3.141.59', revision: 'e82be7d358', time: '2018-11-14T08:17:03'
System info: host: 'Sboub-PC', ip: '192.168.1.10', os.name: 'Windows 7', os.arch: 'amd64', os.version: '6.1', java.version: '1.8.0_121'
Driver info: org.openqa.selenium.chrome.ChromeDriver
Capabilities {acceptInsecureCerts: false, browserName: chrome, browserVersion: 83.0.4103.97, chrome: {chromedriverVersion: 83.0.4103.39 (ccbf011cb2d2b..., userDataDir: C:\Users\Cellt\AppData\Loca...}, goog:chromeOptions: {debuggerAddress: localhost:50703}, javascriptEnabled: true, networkConnectionEnabled: false, pageLoadStrategy: normal, platform: WINDOWS, platformName: WINDOWS, proxy: Proxy(), setWindowRect: true, strictFileInteractability: false, timeouts: {implicit: 0, pageLoad: 300000, script: 30000}, unhandledPromptBehavior: dismiss and notify, webauthn:virtualAuthenticators: true}
Session ID: bbf7dfc094ca3a506e905f2400eb47d6
*** Element info: {Using=id, value=menu-tooltip-language-selectedpouet}
	at homework.symphony.tests.signin.SignInLanguageSelectionTest.testSignInLanguageSelection(SignInLanguageSelectionTest.java:30)

